<?xml version="1.0" encoding="UTF-8"?>
<!-- Generated by org.testng.reporters.JUnitXMLReporter -->
<testsuite ignored="0" hostname="nigam" failures="0" tests="6" name="Regression Test" time="0.153" errors="0" timestamp="2022-08-28T14:36:09 CDT">
  <testcase classname="qaclickacademy.AppiumTest" name="IOSApps" time="0.011"/>
  <testcase classname="qaclickacademy.AppiumTest$NativeAppAndroid" name="MobileLogin" time="0.001"/>
  <testcase classname="qaclickacademy.SeleniumTest" name="SeleniumBrowserAutomation" time="0.001"/>
  <testcase classname="qaclickacademy.SeleniumTest" name="SeleniumDisplayResult" time="0.002"/>
  <testcase classname="qaclickacademy.RestAPITest" name="DeleteTwitter" time="0.002"/>
  <testcase classname="qaclickacademy.RestAPITest" name="PostJira" time="0.001"/>
</testsuite> <!-- Regression Test -->
