<?xml version="1.0" encoding="UTF-8"?>
<testng-results ignored="0" total="6" passed="6" failed="0" skipped="0">
  <reporter-output>
  </reporter-output>
  <suite started-at="2022-08-28T14:36:08 CDT" name="Suite" finished-at="2022-08-28T14:36:08 CDT" duration-ms="153">
    <groups>
    </groups>
    <test started-at="2022-08-28T14:36:08 CDT" name="Regression Test" finished-at="2022-08-28T14:36:08 CDT" duration-ms="153">
      <class name="qaclickacademy.AppiumTest">
        <test-method signature="IOSApps()[pri:0, instance:qaclickacademy.AppiumTest@783a467b]" started-at="2022-08-28T14:36:08 CDT" name="IOSApps" finished-at="2022-08-28T14:36:08 CDT" duration-ms="11" status="PASS">
          <reporter-output>
          </reporter-output>
        </test-method> <!-- IOSApps -->
      </class> <!-- qaclickacademy.AppiumTest -->
      <class name="qaclickacademy.RestAPITest">
        <test-method signature="DeleteTwitter()[pri:0, instance:qaclickacademy.RestAPITest@6fdbe764]" started-at="2022-08-28T14:36:08 CDT" name="DeleteTwitter" finished-at="2022-08-28T14:36:08 CDT" duration-ms="2" status="PASS">
          <reporter-output>
          </reporter-output>
        </test-method> <!-- DeleteTwitter -->
        <test-method signature="PostJira()[pri:0, instance:qaclickacademy.RestAPITest@6fdbe764]" started-at="2022-08-28T14:36:08 CDT" name="PostJira" finished-at="2022-08-28T14:36:08 CDT" duration-ms="1" status="PASS">
          <reporter-output>
          </reporter-output>
        </test-method> <!-- PostJira -->
      </class> <!-- qaclickacademy.RestAPITest -->
      <class name="qaclickacademy.SeleniumTest">
        <test-method signature="SeleniumBrowserAutomation()[pri:0, instance:qaclickacademy.SeleniumTest@a38c7fe]" started-at="2022-08-28T14:36:08 CDT" name="SeleniumBrowserAutomation" finished-at="2022-08-28T14:36:08 CDT" duration-ms="1" status="PASS">
          <reporter-output>
          </reporter-output>
        </test-method> <!-- SeleniumBrowserAutomation -->
        <test-method signature="SeleniumDisplayResult()[pri:0, instance:qaclickacademy.SeleniumTest@a38c7fe]" started-at="2022-08-28T14:36:08 CDT" name="SeleniumDisplayResult" finished-at="2022-08-28T14:36:08 CDT" duration-ms="2" status="PASS">
          <reporter-output>
          </reporter-output>
        </test-method> <!-- SeleniumDisplayResult -->
      </class> <!-- qaclickacademy.SeleniumTest -->
      <class name="qaclickacademy.AppiumTest$NativeAppAndroid">
        <test-method signature="MobileLogin()[pri:0, instance:qaclickacademy.AppiumTest$NativeAppAndroid@4d5650ae]" started-at="2022-08-28T14:36:08 CDT" name="MobileLogin" finished-at="2022-08-28T14:36:08 CDT" duration-ms="1" status="PASS">
          <reporter-output>
          </reporter-output>
        </test-method> <!-- MobileLogin -->
      </class> <!-- qaclickacademy.AppiumTest$NativeAppAndroid -->
    </test> <!-- Regression Test -->
  </suite> <!-- Suite -->
</testng-results>
