<?xml version="1.0" encoding="UTF-8"?>
<testng-results ignored="0" total="2" passed="2" failed="0" skipped="0">
  <reporter-output>
  </reporter-output>
  <suite started-at="2022-08-27T01:01:00 CDT" name="Default suite" finished-at="2022-08-27T01:01:00 CDT" duration-ms="109">
    <groups>
    </groups>
    <test started-at="2022-08-27T01:01:00 CDT" name="Default test" finished-at="2022-08-27T01:01:00 CDT" duration-ms="109">
      <class name="qaclickacademy.AppiumTest">
        <test-method signature="IOSApps()[pri:0, instance:qaclickacademy.AppiumTest@44821a96]" started-at="2022-08-27T01:01:00 CDT" name="IOSApps" finished-at="2022-08-27T01:01:00 CDT" duration-ms="8" status="PASS">
          <reporter-output>
          </reporter-output>
        </test-method> <!-- IOSApps -->
      </class> <!-- qaclickacademy.AppiumTest -->
      <class name="qaclickacademy.AppiumTest$NativeAppAndroid">
        <test-method signature="MobileLogin()[pri:0, instance:qaclickacademy.AppiumTest$NativeAppAndroid@a3d8174]" started-at="2022-08-27T01:01:00 CDT" name="MobileLogin" finished-at="2022-08-27T01:01:00 CDT" duration-ms="17" status="PASS">
          <reporter-output>
          </reporter-output>
        </test-method> <!-- MobileLogin -->
      </class> <!-- qaclickacademy.AppiumTest$NativeAppAndroid -->
    </test> <!-- Default test -->
  </suite> <!-- Default suite -->
</testng-results>
